TN:
SF:/home/fabiana/GCES/guardioes-app/src/components/modals/LoadingModal.js
FN:5,(anonymous_0)
FN:9,(anonymous_1)
FNF:2
FNH:0
FNDA:0,(anonymous_0)
FNDA:0,(anonymous_1)
DA:6,0
DA:10,0
LF:2
LH:0
BRF:0
BRH:0
end_of_record
TN:
SF:/home/fabiana/GCES/guardioes-app/src/components/navigation/navigator.js
FN:55,(anonymous_0)
FN:56,(anonymous_1)
FN:123,(anonymous_2)
FN:124,(anonymous_3)
FN:128,(anonymous_4)
FNF:5
FNH:0
FNDA:0,(anonymous_0)
FNDA:0,(anonymous_1)
FNDA:0,(anonymous_2)
FNDA:0,(anonymous_3)
FNDA:0,(anonymous_4)
DA:31,0
DA:33,0
DA:46,0
DA:55,0
DA:57,0
DA:59,0
DA:60,0
DA:61,0
DA:62,0
DA:63,0
DA:64,0
DA:65,0
DA:66,0
DA:67,0
DA:68,0
DA:73,0
DA:108,0
DA:123,0
DA:125,0
DA:128,0
DA:143,0
DA:152,0
LF:22
LH:0
BRDA:59,0,0,0
BRDA:59,0,1,0
BRDA:61,1,0,0
BRDA:61,1,1,0
BRDA:63,2,0,0
BRDA:63,2,1,0
BRDA:65,3,0,0
BRDA:65,3,1,0
BRDA:67,4,0,0
BRDA:67,4,1,0
BRF:10
BRH:0
end_of_record
TN:
SF:/home/fabiana/GCES/guardioes-app/src/components/navigation/styles.js
FNF:0
FNH:0
DA:8,0
DA:21,0
DA:25,0
DA:31,0
DA:35,0
DA:42,0
DA:48,0
DA:52,0
DA:59,0
DA:74,0
DA:81,0
DA:88,0
DA:95,0
DA:103,0
DA:114,0
LF:15
LH:0
BRF:0
BRH:0
end_of_record
TN:
SF:/home/fabiana/GCES/guardioes-app/src/components/principal/Ajuda/index.js
FN:14,(anonymous_0)
FN:19,(anonymous_1)
FN:32,(anonymous_2)
FNF:3
FNH:0
FNDA:0,(anonymous_0)
FNDA:0,(anonymous_1)
FNDA:0,(anonymous_2)
DA:10,0
DA:15,0
DA:16,0
DA:19,0
DA:32,0
LF:5
LH:0
BRF:0
BRH:0
end_of_record
TN:
SF:/home/fabiana/GCES/guardioes-app/src/components/principal/Ajuda/styles.js
FNF:0
FNH:0
DA:7,0
DA:14,0
DA:26,0
DA:35,0
DA:39,0
DA:44,0
LF:6
LH:0
BRF:0
BRH:0
end_of_record
TN:
SF:/home/fabiana/GCES/guardioes-app/src/components/principal/Conselho/styles.js
FNF:0
FNH:0
DA:8,0
DA:13,0
DA:24,0
DA:28,0
DA:36,0
DA:43,0
DA:51,0
DA:58,0
DA:69,0
DA:76,0
DA:83,0
DA:91,0
DA:98,0
DA:104,0
DA:111,0
DA:119,0
DA:124,0
LF:17
LH:0
BRF:0
BRH:0
end_of_record
TN:
SF:/home/fabiana/GCES/guardioes-app/src/components/principal/Diario/styles.js
FNF:0
FNH:0
DA:10,0
DA:15,0
DA:22,0
DA:24,0
DA:37,0
DA:42,0
DA:47,0
DA:53,0
DA:59,0
DA:64,0
DA:68,0
DA:73,0
DA:79,0
DA:93,0
DA:97,0
DA:105,0
DA:112,0
DA:117,0
DA:122,0
DA:127,0
DA:132,0
DA:137,0
DA:145,0
DA:150,0
DA:157,0
DA:163,0
DA:169,0
DA:174,0
DA:188,0
DA:202,0
DA:207,0
DA:215,0
DA:222,0
LF:33
LH:0
BRF:0
BRH:0
end_of_record
TN:
SF:/home/fabiana/GCES/guardioes-app/src/components/principal/EditarPerfil/styles.js
FNF:0
FNH:0
DA:7,0
LF:1
LH:0
BRF:0
BRH:0
end_of_record
TN:
SF:/home/fabiana/GCES/guardioes-app/src/components/principal/Home/styles.js
FN:145,(anonymous_0)
FNF:1
FNH:0
FNDA:0,(anonymous_0)
DA:9,0
DA:14,0
DA:22,0
DA:31,0
DA:38,0
DA:47,0
DA:51,0
DA:59,0
DA:66,0
DA:80,0
DA:87,0
DA:93,0
DA:103,0
DA:114,0
DA:125,0
DA:131,0
DA:141,0
DA:145,0
DA:156,0
DA:162,0
DA:170,0
DA:178,0
DA:185,0
DA:196,0
DA:206,0
DA:211,0
LF:26
LH:0
BRDA:145,0,0,0
BRDA:145,0,1,0
BRF:2
BRH:0
end_of_record
TN:
SF:/home/fabiana/GCES/guardioes-app/src/components/principal/Mapa/styles.js
FNF:0
FNH:0
DA:3,0
LF:1
LH:0
BRF:0
BRH:0
end_of_record
TN:
SF:/home/fabiana/GCES/guardioes-app/src/components/principal/Perfis/styles.js
FNF:0
FNH:0
DA:8,0
DA:17,0
DA:28,0
DA:34,0
DA:39,0
DA:44,0
DA:49,0
DA:57,0
DA:64,0
DA:68,0
DA:72,0
DA:77,0
DA:83,0
DA:89,0
DA:97,0
LF:15
LH:0
BRF:0
BRH:0
end_of_record
TN:
SF:/home/fabiana/GCES/guardioes-app/src/components/principal/Rumor/styles.js
FNF:0
FNH:0
DA:7,0
DA:18,0
DA:30,0
DA:37,0
LF:4
LH:0
BRF:0
BRH:0
end_of_record
TN:
SF:/home/fabiana/GCES/guardioes-app/src/components/principal/Sobre/index.js
FN:15,(anonymous_0)
FN:21,(anonymous_1)
FN:32,(anonymous_2)
FN:38,(anonymous_3)
FNF:4
FNH:0
FNDA:0,(anonymous_0)
FNDA:0,(anonymous_1)
FNDA:0,(anonymous_2)
FNDA:0,(anonymous_3)
DA:12,0
DA:16,0
DA:17,0
DA:22,0
DA:32,0
DA:38,0
LF:6
LH:0
BRF:0
BRH:0
end_of_record
TN:
SF:/home/fabiana/GCES/guardioes-app/src/components/principal/Sobre/styles.js
FNF:0
FNH:0
DA:5,0
DA:14,0
DA:24,0
DA:31,0
LF:4
LH:0
BRF:0
BRH:0
end_of_record
TN:
SF:/home/fabiana/GCES/guardioes-app/src/components/principal/TermosPoliticas/index.js
FN:12,(anonymous_0)
FNF:1
FNH:0
FNDA:0,(anonymous_0)
DA:8,0
DA:13,0
LF:2
LH:0
BRF:0
BRH:0
end_of_record
TN:
SF:/home/fabiana/GCES/guardioes-app/src/components/principal/TermosPoliticas/styles.js
FNF:0
FNH:0
DA:5,0
DA:14,0
LF:2
LH:0
BRF:0
BRH:0
end_of_record
TN:
SF:/home/fabiana/GCES/guardioes-app/src/components/principal/Tutorial/index.js
FN:12,(anonymous_0)
FN:28,(anonymous_1)
FN:38,(anonymous_2)
FN:48,(anonymous_3)
FN:58,(anonymous_4)
FNF:5
FNH:0
FNDA:0,(anonymous_0)
FNDA:0,(anonymous_1)
FNDA:0,(anonymous_2)
FNDA:0,(anonymous_3)
FNDA:0,(anonymous_4)
DA:9,0
DA:13,0
DA:15,0
DA:28,0
DA:38,0
DA:48,0
DA:58,0
LF:7
LH:0
BRF:0
BRH:0
end_of_record
TN:
SF:/home/fabiana/GCES/guardioes-app/src/components/principal/Tutorial/styles.js
FNF:0
FNH:0
DA:5,0
DA:14,0
DA:22,0
DA:31,0
DA:38,0
LF:5
LH:0
BRF:0
BRH:0
end_of_record
TN:
SF:/home/fabiana/GCES/guardioes-app/src/components/principal/badReport/styles.js
FNF:0
FNH:0
DA:11,0
DA:19,0
DA:33,0
DA:37,0
DA:42,0
DA:48,0
DA:71,0
DA:78,0
DA:86,0
DA:106,0
DA:111,0
DA:119,0
LF:12
LH:0
BRF:0
BRH:0
end_of_record
TN:
SF:/home/fabiana/GCES/guardioes-app/src/components/principal/newNoticias/Noticias.js
FN:18,newNoticias
FN:22,(anonymous_1)
FNF:2
FNH:0
FNDA:0,newNoticias
FNDA:0,(anonymous_1)
DA:19,0
DA:20,0
DA:22,0
LF:3
LH:0
BRDA:44,0,0,0
BRDA:44,0,1,0
BRF:2
BRH:0
end_of_record
TN:
SF:/home/fabiana/GCES/guardioes-app/src/components/principal/newNoticias/styles.js
FNF:0
FNH:0
DA:7,0
DA:12,0
DA:18,0
DA:25,0
DA:30,0
DA:41,0
DA:52,0
DA:59,0
DA:70,0
DA:78,0
DA:86,0
DA:100,0
DA:105,0
DA:108,0
DA:114,0
DA:120,0
DA:126,0
DA:133,0
DA:140,0
LF:19
LH:0
BRF:0
BRH:0
end_of_record
TN:
SF:/home/fabiana/GCES/guardioes-app/src/components/styled/NormalForms.js
FN:35,(anonymous_0)
FNF:1
FNH:0
FNDA:0,(anonymous_0)
DA:11,0
DA:16,0
DA:25,0
DA:31,0
DA:35,0
DA:40,0
DA:52,0
DA:59,0
DA:66,0
DA:73,0
DA:81,0
DA:131,0
DA:157,0
DA:180,0
DA:186,0
DA:190,0
DA:204,0
DA:211,0
DA:218,0
DA:232,0
DA:240,0
DA:248,0
DA:255,0
LF:23
LH:0
BRDA:35,0,0,0
BRDA:35,0,1,0
BRF:2
BRH:0
end_of_record
TN:
SF:/home/fabiana/GCES/guardioes-app/src/components/styled/SnowForms.js
FNF:0
FNH:0
DA:10,0
DA:16,0
DA:24,0
DA:30,0
DA:37,0
DA:56,0
DA:63,0
DA:76,0
DA:82,0
DA:91,0
LF:10
LH:0
BRF:0
BRH:0
end_of_record
TN:
SF:/home/fabiana/GCES/guardioes-app/src/components/telainicial/ForgetPwd/styles.js
FNF:0
FNH:0
DA:5,0
DA:11,0
DA:19,0
DA:24,0
LF:4
LH:0
BRF:0
BRH:0
end_of_record
TN:
SF:/home/fabiana/GCES/guardioes-app/src/components/telainicial/Loading/styles.js
FNF:0
FNH:0
DA:5,0
DA:11,0
DA:17,0
DA:22,0
DA:28,0
LF:5
LH:0
BRF:0
BRH:0
end_of_record
TN:
SF:/home/fabiana/GCES/guardioes-app/src/components/telainicial/Login/styles.js
FNF:0
FNH:0
DA:5,0
DA:10,0
DA:18,0
LF:3
LH:0
BRF:0
BRH:0
end_of_record
TN:
SF:/home/fabiana/GCES/guardioes-app/src/components/telainicial/Registrar/styles.js
FNF:0
FNH:0
DA:5,0
DA:13,0
DA:22,0
LF:3
LH:0
BRF:0
BRH:0
end_of_record
TN:
SF:/home/fabiana/GCES/guardioes-app/src/components/telainicial/TelaInicial/index.js
FN:11,(anonymous_0)
FN:16,(anonymous_1)
FN:17,(anonymous_2)
FN:23,(anonymous_3)
FN:29,(anonymous_4)
FN:34,(anonymous_5)
FN:54,(anonymous_6)
FN:60,(anonymous_7)
FNF:8
FNH:0
FNDA:0,(anonymous_0)
FNDA:0,(anonymous_1)
FNDA:0,(anonymous_2)
FNDA:0,(anonymous_3)
FNDA:0,(anonymous_4)
FNDA:0,(anonymous_5)
FNDA:0,(anonymous_6)
FNDA:0,(anonymous_7)
DA:11,0
DA:12,0
DA:16,0
DA:17,0
DA:24,0
DA:29,0
DA:30,0
DA:31,0
DA:35,0
DA:38,0
DA:39,0
DA:42,0
DA:45,0
DA:54,0
DA:60,0
DA:72,0
LF:16
LH:0
BRDA:31,0,0,0
BRDA:31,0,1,0
BRDA:38,1,0,0
BRDA:38,1,1,0
BRF:4
BRH:0
end_of_record
TN:
SF:/home/fabiana/GCES/guardioes-app/src/components/telainicial/TelaInicial/styles.js
FNF:0
FNH:0
DA:5,0
DA:11,0
DA:16,0
LF:3
LH:0
BRF:0
BRH:0
end_of_record
TN:
SF:/home/fabiana/GCES/guardioes-app/src/components/userData/ScreenLoader/index.js
FN:6,(anonymous_0)
FN:10,(anonymous_1)
FNF:2
FNH:0
FNDA:0,(anonymous_0)
FNDA:0,(anonymous_1)
DA:7,0
DA:11,0
LF:2
LH:0
BRF:0
BRH:0
end_of_record
TN:
SF:/home/fabiana/GCES/guardioes-app/src/components/userData/ScreenLoader/styles.js
FNF:0
FNH:0
DA:7,0
DA:14,0
LF:2
LH:0
BRF:0
BRH:0
end_of_record
TN:
SF:/home/fabiana/GCES/guardioes-app/src/config/ReactotronConfig.js
FNF:0
FNH:0
DA:4,0
DA:5,0
DA:10,0
DA:12,0
LF:4
LH:0
BRDA:4,0,0,0
BRDA:4,0,1,0
BRF:2
BRH:0
end_of_record
TN:
SF:/home/fabiana/GCES/guardioes-app/src/imgs/imageConst.js
FNF:0
FNH:0
DA:2,0
DA:3,0
DA:4,0
DA:5,0
DA:6,0
DA:7,0
DA:22,0
DA:23,0
LF:8
LH:0
BRF:0
BRH:0
end_of_record
TN:
SF:/home/fabiana/GCES/guardioes-app/src/imgs/cardWhatsapp/cardWhatsapp_base64.js
FNF:0
FNH:0
DA:1,0
LF:1
LH:0
BRF:0
BRH:0
end_of_record
TN:
SF:/home/fabiana/GCES/guardioes-app/src/utils/brasil.js
FN:34,getCity
FNF:1
FNH:0
FNDA:0,getCity
DA:2,0
DA:36,0
DA:38,0
DA:62,0
DA:65,0
DA:169,0
DA:172,0
DA:190,0
DA:193,0
DA:257,0
DA:260,0
DA:679,0
DA:682,0
DA:868,0
DA:871,0
DA:907,0
DA:910,0
DA:990,0
DA:993,0
DA:1241,0
DA:1244,0
DA:1463,0
DA:1466,0
DA:1609,0
DA:1612,0
DA:1693,0
DA:1696,0
DA:2551,0
DA:2554,0
DA:2700,0
DA:2703,0
DA:2928,0
DA:2931,0
DA:3332,0
DA:3335,0
DA:3522,0
DA:3525,0
DA:3751,0
DA:3754,0
DA:3848,0
DA:3851,0
DA:4020,0
DA:4023,0
DA:4522,0
DA:4525,0
DA:4579,0
DA:4582,0
DA:4599,0
DA:4602,0
DA:4899,0
DA:4902,0
DA:5549,0
DA:5552,0
DA:5629,0
DA:5632,0
DA:5773,0
DA:5775,0
DA:5778,0
DA:5780,0
LF:59
LH:0
BRDA:36,0,0,0
BRDA:36,0,1,0
BRDA:36,0,2,0
BRDA:36,0,3,0
BRDA:36,0,4,0
BRDA:36,0,5,0
BRDA:36,0,6,0
BRDA:36,0,7,0
BRDA:36,0,8,0
BRDA:36,0,9,0
BRDA:36,0,10,0
BRDA:36,0,11,0
BRDA:36,0,12,0
BRDA:36,0,13,0
BRDA:36,0,14,0
BRDA:36,0,15,0
BRDA:36,0,16,0
BRDA:36,0,17,0
BRDA:36,0,18,0
BRDA:36,0,19,0
BRDA:36,0,20,0
BRDA:36,0,21,0
BRDA:36,0,22,0
BRDA:36,0,23,0
BRDA:36,0,24,0
BRDA:36,0,25,0
BRDA:36,0,26,0
BRDA:36,0,27,0
BRF:28
BRH:0
end_of_record
TN:
SF:/home/fabiana/GCES/guardioes-app/src/utils/constUtils.js
FN:5,(anonymous_0)
FN:19,(anonymous_1)
FN:33,(anonymous_2)
FN:44,(anonymous_3)
FN:55,(anonymous_4)
FN:61,(anonymous_5)
FN:66,(anonymous_6)
FN:68,(anonymous_7)
FN:75,(anonymous_8)
FNF:9
FNH:0
FNDA:0,(anonymous_0)
FNDA:0,(anonymous_1)
FNDA:0,(anonymous_2)
FNDA:0,(anonymous_3)
FNDA:0,(anonymous_4)
FNDA:0,(anonymous_5)
FNDA:0,(anonymous_6)
FNDA:0,(anonymous_7)
FNDA:0,(anonymous_8)
DA:5,0
DA:6,0
DA:7,0
DA:8,0
DA:10,0
DA:11,0
DA:14,0
DA:19,0
DA:20,0
DA:21,0
DA:22,0
DA:24,0
DA:25,0
DA:27,0
DA:29,0
DA:33,0
DA:34,0
DA:36,0
DA:37,0
DA:40,0
DA:44,0
DA:45,0
DA:47,0
DA:48,0
DA:51,0
DA:55,0
DA:56,0
DA:61,0
DA:66,0
DA:67,0
DA:69,0
DA:75,0
LF:32
LH:0
BRDA:5,0,0,0
BRDA:6,1,0,0
BRDA:6,1,1,0
BRDA:10,2,0,0
BRDA:10,2,1,0
BRDA:10,3,0,0
BRDA:10,3,1,0
BRDA:20,4,0,0
BRDA:20,4,1,0
BRDA:24,5,0,0
BRDA:24,5,1,0
BRDA:36,6,0,0
BRDA:36,6,1,0
BRDA:36,7,0,0
BRDA:36,7,1,0
BRDA:47,8,0,0
BRDA:47,8,1,0
BRF:17
BRH:0
end_of_record
TN:
SF:/home/fabiana/GCES/guardioes-app/src/utils/scallingUtils.js
FN:8,(anonymous_0)
FN:9,(anonymous_1)
FN:10,(anonymous_2)
FN:12,(anonymous_3)
FN:13,(anonymous_4)
FNF:5
FNH:0
FNDA:0,(anonymous_0)
FNDA:0,(anonymous_1)
FNDA:0,(anonymous_2)
FNDA:0,(anonymous_3)
FNDA:0,(anonymous_4)
DA:2,0
DA:5,0
DA:6,0
DA:8,0
DA:9,0
DA:10,0
DA:12,0
DA:13,0
LF:8
LH:0
BRDA:10,0,0,0
BRF:1
BRH:0
end_of_record
TN:
SF:/home/fabiana/GCES/guardioes-app/src/utils/MarkerClustering/ClusterMarker.js
FN:6,(anonymous_0)
FN:17,(anonymous_1)
FN:41,(anonymous_2)
FN:45,(anonymous_3)
FNF:4
FNH:0
FNDA:0,(anonymous_0)
FNDA:0,(anonymous_1)
FNDA:0,(anonymous_2)
FNDA:0,(anonymous_3)
DA:7,0
DA:9,0
DA:10,0
DA:14,0
DA:15,0
DA:17,0
DA:18,0
DA:19,0
DA:20,0
DA:22,0
DA:23,0
DA:24,0
DA:25,0
DA:26,0
DA:27,0
DA:28,0
DA:29,0
DA:32,0
DA:42,0
DA:46,0
LF:20
LH:0
BRDA:23,0,0,0
BRDA:23,0,1,0
BRDA:24,1,0,0
BRDA:24,1,1,0
BRDA:25,2,0,0
BRDA:25,2,1,0
BRDA:28,3,0,0
BRDA:28,3,1,0
BRF:8
BRH:0
end_of_record
TN:
SF:/home/fabiana/GCES/guardioes-app/src/utils/MarkerClustering/ClusteredMapView.js
FN:16,(anonymous_0)
FN:32,(anonymous_1)
FN:36,(anonymous_2)
FN:41,(anonymous_3)
FN:46,(anonymous_4)
FN:50,(anonymous_5)
FN:54,(anonymous_6)
FN:58,(anonymous_7)
FN:60,(anonymous_8)
FN:61,(anonymous_9)
FN:65,(anonymous_10)
FN:74,(anonymous_11)
FN:83,(anonymous_12)
FN:87,(anonymous_13)
FN:89,(anonymous_14)
FN:94,(anonymous_15)
FN:101,(anonymous_16)
FN:110,(anonymous_17)
FN:130,(anonymous_18)
FNF:19
FNH:0
FNDA:0,(anonymous_0)
FNDA:0,(anonymous_1)
FNDA:0,(anonymous_2)
FNDA:0,(anonymous_3)
FNDA:0,(anonymous_4)
FNDA:0,(anonymous_5)
FNDA:0,(anonymous_6)
FNDA:0,(anonymous_7)
FNDA:0,(anonymous_8)
FNDA:0,(anonymous_9)
FNDA:0,(anonymous_10)
FNDA:0,(anonymous_11)
FNDA:0,(anonymous_12)
FNDA:0,(anonymous_13)
FNDA:0,(anonymous_14)
FNDA:0,(anonymous_15)
FNDA:0,(anonymous_16)
FNDA:0,(anonymous_17)
FNDA:0,(anonymous_18)
DA:17,0
DA:19,0
DA:25,0
DA:26,0
DA:28,0
DA:29,0
DA:33,0
DA:37,0
DA:38,0
DA:42,0
DA:43,0
DA:47,0
DA:51,0
DA:55,0
DA:59,0
DA:60,0
DA:61,0
DA:66,0
DA:74,0
DA:76,0
DA:78,0
DA:80,0
DA:84,0
DA:88,0
DA:89,0
DA:90,0
DA:95,0
DA:96,0
DA:98,0
DA:102,0
DA:103,0
DA:111,0
DA:113,0
DA:114,0
DA:116,0
DA:119,0
DA:120,0
DA:130,0
DA:138,0
DA:153,0
LF:40
LH:0
BRDA:21,0,0,0
BRDA:21,0,1,0
BRDA:37,1,0,0
BRDA:37,1,1,0
BRDA:42,2,0,0
BRDA:42,2,1,0
BRDA:42,3,0,0
BRDA:42,3,1,0
BRDA:42,3,2,0
BRDA:70,4,0,0
BRDA:70,4,1,0
BRDA:90,5,0,0
BRDA:90,5,1,0
BRDA:96,6,0,0
BRDA:96,6,1,0
BRDA:110,7,0,0
BRDA:110,7,1,0
BRDA:111,8,0,0
BRDA:111,8,1,0
BRDA:113,9,0,0
BRDA:113,9,1,0
BRDA:130,10,0,0
BRDA:130,10,1,0
BRF:23
BRH:0
end_of_record
TN:
SF:/home/fabiana/GCES/guardioes-app/src/utils/MarkerClustering/imgImport.js
FNF:0
FNH:0
LF:0
LH:0
BRF:0
BRH:0
end_of_record
TN:
SF:/home/fabiana/GCES/guardioes-app/src/utils/MarkerClustering/index.js
FNF:0
FNH:0
LF:0
LH:0
BRF:0
BRH:0
end_of_record
TN:
SF:/home/fabiana/GCES/guardioes-app/src/utils/MarkerClustering/mapStyle.js
FNF:0
FNH:0
LF:0
LH:0
BRF:0
BRH:0
end_of_record
TN:
SF:/home/fabiana/GCES/guardioes-app/src/utils/MarkerClustering/util.js
FN:8,(anonymous_0)
FN:33,(anonymous_1)
FN:60,(anonymous_2)
FN:87,(anonymous_3)
FNF:4
FNH:0
FNDA:0,(anonymous_0)
FNDA:0,(anonymous_1)
FNDA:0,(anonymous_2)
FNDA:0,(anonymous_3)
DA:8,0
DA:10,0
DA:11,0
DA:13,0
DA:15,0
DA:33,0
DA:34,0
DA:35,0
DA:37,0
DA:38,0
DA:40,0
DA:41,0
DA:43,0
DA:44,0
DA:46,0
DA:47,0
DA:49,0
DA:50,0
DA:52,0
DA:60,0
DA:61,0
DA:63,0
DA:64,0
DA:65,0
DA:66,0
DA:69,0
DA:70,0
DA:73,0
DA:87,0
DA:88,0
DA:90,0
LF:31
LH:0
BRDA:10,0,0,0
BRDA:10,0,1,0
BRDA:60,1,0,0
BRDA:63,2,0,0
BRDA:63,2,1,0
BRDA:65,3,0,0
BRDA:65,3,1,0
BRDA:69,4,0,0
BRDA:69,4,1,0
BRF:9
BRH:0
end_of_record
